# JRE version: Java(TM) SE Runtime Environment (8.0_144-b01) (build 1.8.0_144-b01)
# Java VM: Java HotSpot(TM) 64-Bit Server VM (25.144-b01 mixed mode linux-amd64 compressed oops)
Heap:
 PSYoungGen      total 75264K, used 8184K [0x0000000794b80000, 0x0000000799d80000, 0x00000007c0000000)
  eden space 67072K, 0% used [0x0000000794b80000,0x0000000794b80000,0x0000000798d00000)
  from space 8192K, 99% used [0x0000000798d00000,0x00000007994fe308,0x0000000799500000)
  to   space 7680K, 0% used [0x0000000799500000,0x0000000799500000,0x0000000799c80000)
 ParOldGen       total 89088K, used 14441K [0x000000073e200000, 0x0000000743900000, 0x0000000794b80000)
  object space 89088K, 16% used [0x000000073e200000,0x000000073f01a7a0,0x0000000743900000)
 Metaspace       used 19778K, capacity 20334K, committed 20480K, reserved 1067008K
  class space    used 2363K, capacity 2509K, committed 2560K, reserved 1048576K
GC Heap History (10 events):
Event: 4.531 GC heap after
Heap after GC invocations=2 (full 0):
 PSYoungGen      total 38912K, used 5117K [0x0000000794b80000, 0x0000000799780000, 0x00000007c0000000)
  eden space 33792K, 0% used [0x0000000794b80000,0x0000000794b80000,0x0000000796c80000)
  from space 5120K, 99% used [0x0000000799280000,0x000000079977f7d0,0x0000000799780000)
  to   space 5120K, 0% used [0x0000000796c80000,0x0000000796c80000,0x0000000797180000)
 ParOldGen       total 89088K, used 1732K [0x000000073e200000, 0x0000000743900000, 0x0000000794b80000)
  object space 89088K, 1% used [0x000000073e200000,0x000000073e3b1020,0x0000000743900000)
 Metaspace       used 13082K, capacity 13432K, committed 13568K, reserved 1060864K
  class space    used 1610K, capacity 1726K, committed 1792K, reserved 1048576K
}
Event: 6.506 GC heap before
{Heap before GC invocations=3 (full 0):
 PSYoungGen      total 38912K, used 38909K [0x0000000794b80000, 0x0000000799780000, 0x00000007c0000000)
  eden space 33792K, 100% used [0x0000000794b80000,0x0000000796c80000,0x0000000796c80000)
  from space 5120K, 99% used [0x0000000799280000,0x000000079977f7d0,0x0000000799780000)
  to   space 5120K, 0% used [0x0000000796c80000,0x0000000796c80000,0x0000000797180000)
 ParOldGen       total 89088K, used 1732K [0x000000073e200000, 0x0000000743900000, 0x0000000794b80000)
  object space 89088K, 1% used [0x000000073e200000,0x000000073e3b1020,0x0000000743900000)
 Metaspace       used 13829K, capacity 14246K, committed 14464K, reserved 1062912K
  class space    used 1688K, capacity 1799K, committed 1920K, reserved 1048576K
Event: 6.558 GC heap after
Heap after GC invocations=3 (full 0):
 PSYoungGen      total 38912K, used 5088K [0x0000000794b80000, 0x0000000799300000, 0x00000007c0000000)
  eden space 33792K, 0% used [0x0000000794b80000,0x0000000794b80000,0x0000000796c80000)
  from space 5120K, 99% used [0x0000000796c80000,0x0000000797178020,0x0000000797180000)
  to   space 5120K, 0% used [0x0000000798e00000,0x0000000798e00000,0x0000000799300000)
 ParOldGen       total 89088K, used 3148K [0x000000073e200000, 0x0000000743900000, 0x0000000794b80000)
  object space 89088K, 3% used [0x000000073e200000,0x000000073e513190,0x0000000743900000)
 Metaspace       used 13829K, capacity 14246K, committed 14464K, reserved 1062912K
  class space    used 1688K, capacity 1799K, committed 1920K, reserved 1048576K
}
Event: 8.241 GC heap before
{Heap before GC invocations=4 (full 0):
 PSYoungGen      total 38912K, used 38880K [0x0000000794b80000, 0x0000000799300000, 0x00000007c0000000)
  eden space 33792K, 100% used [0x0000000794b80000,0x0000000796c80000,0x0000000796c80000)
  from space 5120K, 99% used [0x0000000796c80000,0x0000000797178020,0x0000000797180000)
  to   space 5120K, 0% used [0x0000000798e00000,0x0000000798e00000,0x0000000799300000)
 ParOldGen       total 89088K, used 3148K [0x000000073e200000, 0x0000000743900000, 0x0000000794b80000)
  object space 89088K, 3% used [0x000000073e200000,0x000000073e513190,0x0000000743900000)
 Metaspace       used 14153K, capacity 14574K, committed 14720K, reserved 1062912K
  class space    used 1701K, capacity 1803K, committed 1920K, reserved 1048576K
Event: 8.252 GC heap after
Heap after GC invocations=4 (full 0):
 PSYoungGen      total 38912K, used 5104K [0x0000000794b80000, 0x0000000799300000, 0x00000007c0000000)
  eden space 33792K, 0% used [0x0000000794b80000,0x0000000794b80000,0x0000000796c80000)
  from space 5120K, 99% used [0x0000000798e00000,0x00000007992fc030,0x0000000799300000)
  to   space 5120K, 0% used [0x0000000796c80000,0x0000000796c80000,0x0000000797180000)
 ParOldGen       total 89088K, used 4479K [0x000000073e200000, 0x0000000743900000, 0x0000000794b80000)
  object space 89088K, 5% used [0x000000073e200000,0x000000073e65fce8,0x0000000743900000)
 Metaspace       used 14153K, capacity 14574K, committed 14720K, reserved 1062912K
  class space    used 1701K, capacity 1803K, committed 1920K, reserved 1048576K
}
Event: 12.955 GC heap before
{Heap before GC invocations=5 (full 0):
 PSYoungGen      total 38912K, used 38896K [0x0000000794b80000, 0x0000000799300000, 0x00000007c0000000)
  eden space 33792K, 100% used [0x0000000794b80000,0x0000000796c80000,0x0000000796c80000)
  from space 5120K, 99% used [0x0000000798e00000,0x00000007992fc030,0x0000000799300000)
  to   space 5120K, 0% used [0x0000000796c80000,0x0000000796c80000,0x0000000797180000)
 ParOldGen       total 89088K, used 4479K [0x000000073e200000, 0x0000000743900000, 0x0000000794b80000)
  object space 89088K, 5% used [0x000000073e200000,0x000000073e65fce8,0x0000000743900000)
 Metaspace       used 14366K, capacity 14778K, committed 14976K, reserved 1062912K
  class space    used 1703K, capacity 1805K, committed 1920K, reserved 1048576K
Event: 13.845 GC heap after
Heap after GC invocations=5 (full 0):
 PSYoungGen      total 38912K, used 5104K [0x0000000794b80000, 0x0000000799c80000, 0x00000007c0000000)
  eden space 33792K, 0% used [0x0000000794b80000,0x0000000794b80000,0x0000000796c80000)
  from space 5120K, 99% used [0x0000000796c80000,0x000000079717c010,0x0000000797180000)
  to   space 7680K, 0% used [0x0000000799500000,0x0000000799500000,0x0000000799c80000)
 ParOldGen       total 89088K, used 6055K [0x000000073e200000, 0x0000000743900000, 0x0000000794b80000)
  object space 89088K, 6% used [0x000000073e200000,0x000000073e7e9ce8,0x0000000743900000)
 Metaspace       used 14366K, capacity 14778K, committed 14976K, reserved 1062912K
  class space    used 1703K, capacity 1805K, committed 1920K, reserved 1048576K
}
Event: 22.017 GC heap before
{Heap before GC invocations=6 (full 0):
 PSYoungGen      total 38912K, used 38896K [0x0000000794b80000, 0x0000000799c80000, 0x00000007c0000000)
  eden space 33792K, 100% used [0x0000000794b80000,0x0000000796c80000,0x0000000796c80000)
  from space 5120K, 99% used [0x0000000796c80000,0x000000079717c010,0x0000000797180000)
  to   space 7680K, 0% used [0x0000000799500000,0x0000000799500000,0x0000000799c80000)
 ParOldGen       total 89088K, used 6055K [0x000000073e200000, 0x0000000743900000, 0x0000000794b80000)
  object space 89088K, 6% used [0x000000073e200000,0x000000073e7e9ce8,0x0000000743900000)
 Metaspace       used 15218K, capacity 15690K, committed 15744K, reserved 1062912K
  class space    used 1784K, capacity 1917K, committed 1920K, reserved 1048576K
Event: 24.635 GC heap after
Heap after GC invocations=6 (full 0):
 PSYoungGen      total 74752K, used 7402K [0x0000000794b80000, 0x0000000799d80000, 0x00000007c0000000)
  eden space 67072K, 0% used [0x0000000794b80000,0x0000000794b80000,0x0000000798d00000)
  from space 7680K, 96% used [0x0000000799500000,0x0000000799c3a988,0x0000000799c80000)
  to   space 8192K, 0% used [0x0000000798d00000,0x0000000798d00000,0x0000000799500000)
 ParOldGen       total 89088K, used 6055K [0x000000073e200000, 0x0000000743900000, 0x0000000794b80000)
  object space 89088K, 6% used [0x000000073e200000,0x000000073e7e9ce8,0x0000000743900000)
 Metaspace       used 15218K, capacity 15690K, committed 15744K, reserved 1062912K
  class space    used 1784K, capacity 1917K, committed 1920K, reserved 1048576K
}
Event: 52.024 GC heap before
{Heap before GC invocations=7 (full 0):
 PSYoungGen      total 74752K, used 74474K [0x0000000794b80000, 0x0000000799d80000, 0x00000007c0000000)
  eden space 67072K, 100% used [0x0000000794b80000,0x0000000798d00000,0x0000000798d00000)
  from space 7680K, 96% used [0x0000000799500000,0x0000000799c3a988,0x0000000799c80000)
  to   space 8192K, 0% used [0x0000000798d00000,0x0000000798d00000,0x0000000799500000)
 ParOldGen       total 89088K, used 6055K [0x000000073e200000, 0x0000000743900000, 0x0000000794b80000)
  object space 89088K, 6% used [0x000000073e200000,0x000000073e7e9ce8,0x0000000743900000)
 Metaspace       used 19778K, capacity 20334K, committed 20480K, reserved 1067008K
  class space    used 2363K, capacity 2509K, committed 2560K, reserved 1048576K

