# JRE version: Java(TM) SE Runtime Environment (8.0_144-b01) (build 1.8.0_144-b01)
# Java VM: Java HotSpot(TM) 64-Bit Server VM (25.144-b01 mixed mode linux-amd64 compressed oops)
Heap:
 PSYoungGen      total 140288K, used 5104K [0x0000000794b80000, 0x000000079d980000, 0x00000007c0000000)
  eden space 135168K, 0% used [0x0000000794b80000,0x0000000794b80000,0x000000079cf80000)
  from space 5120K, 99% used [0x000000079cf80000,0x000000079d47c030,0x000000079d480000)
  to   space 5120K, 0% used [0x000000079d480000,0x000000079d480000,0x000000079d980000)
 ParOldGen       total 89088K, used 18957K [0x000000073e200000, 0x0000000743900000, 0x0000000794b80000)
  object space 89088K, 21% used [0x000000073e200000,0x000000073f483768,0x0000000743900000)
 Metaspace       used 20605K, capacity 21190K, committed 21296K, reserved 1069056K
  class space    used 2462K, capacity 2640K, committed 2688K, reserved 1048576K
GC Heap History (9 events):
Event: 0.602 GC heap before
{Heap before GC invocations=1 (full 0):
 PSYoungGen      total 38912K, used 33792K [0x0000000794b80000, 0x0000000797680000, 0x00000007c0000000)
  eden space 33792K, 100% used [0x0000000794b80000,0x0000000796c80000,0x0000000796c80000)
  from space 5120K, 0% used [0x0000000797180000,0x0000000797180000,0x0000000797680000)
  to   space 5120K, 0% used [0x0000000796c80000,0x0000000796c80000,0x0000000797180000)
 ParOldGen       total 89088K, used 0K [0x000000073e200000, 0x0000000743900000, 0x0000000794b80000)
  object space 89088K, 0% used [0x000000073e200000,0x000000073e200000,0x0000000743900000)
 Metaspace       used 8218K, capacity 8482K, committed 8576K, reserved 1056768K
  class space    used 1052K, capacity 1120K, committed 1152K, reserved 1048576K
Event: 0.610 GC heap after
Heap after GC invocations=1 (full 0):
 PSYoungGen      total 38912K, used 5099K [0x0000000794b80000, 0x0000000799780000, 0x00000007c0000000)
  eden space 33792K, 0% used [0x0000000794b80000,0x0000000794b80000,0x0000000796c80000)
  from space 5120K, 99% used [0x0000000796c80000,0x000000079717acc0,0x0000000797180000)
  to   space 5120K, 0% used [0x0000000799280000,0x0000000799280000,0x0000000799780000)
 ParOldGen       total 89088K, used 77K [0x000000073e200000, 0x0000000743900000, 0x0000000794b80000)
  object space 89088K, 0% used [0x000000073e200000,0x000000073e213548,0x0000000743900000)
 Metaspace       used 8218K, capacity 8482K, committed 8576K, reserved 1056768K
  class space    used 1052K, capacity 1120K, committed 1152K, reserved 1048576K
}
Event: 0.995 GC heap before
{Heap before GC invocations=2 (full 0):
 PSYoungGen      total 38912K, used 38891K [0x0000000794b80000, 0x0000000799780000, 0x00000007c0000000)
  eden space 33792K, 100% used [0x0000000794b80000,0x0000000796c80000,0x0000000796c80000)
  from space 5120K, 99% used [0x0000000796c80000,0x000000079717acc0,0x0000000797180000)
  to   space 5120K, 0% used [0x0000000799280000,0x0000000799280000,0x0000000799780000)
 ParOldGen       total 89088K, used 77K [0x000000073e200000, 0x0000000743900000, 0x0000000794b80000)
  object space 89088K, 0% used [0x000000073e200000,0x000000073e213548,0x0000000743900000)
 Metaspace       used 13026K, capacity 13368K, committed 13568K, reserved 1060864K
  class space    used 1610K, capacity 1726K, committed 1792K, reserved 1048576K
Event: 1.004 GC heap after
Heap after GC invocations=2 (full 0):
 PSYoungGen      total 72704K, used 5113K [0x0000000794b80000, 0x0000000799780000, 0x00000007c0000000)
  eden space 67584K, 0% used [0x0000000794b80000,0x0000000794b80000,0x0000000798d80000)
  from space 5120K, 99% used [0x0000000799280000,0x000000079977e538,0x0000000799780000)
  to   space 5120K, 0% used [0x0000000798d80000,0x0000000798d80000,0x0000000799280000)
 ParOldGen       total 89088K, used 2485K [0x000000073e200000, 0x0000000743900000, 0x0000000794b80000)
  object space 89088K, 2% used [0x000000073e200000,0x000000073e46d568,0x0000000743900000)
 Metaspace       used 13026K, capacity 13368K, committed 13568K, reserved 1060864K
  class space    used 1610K, capacity 1726K, committed 1792K, reserved 1048576K
}
Event: 1.447 GC heap before
{Heap before GC invocations=3 (full 0):
 PSYoungGen      total 72704K, used 72697K [0x0000000794b80000, 0x0000000799780000, 0x00000007c0000000)
  eden space 67584K, 100% used [0x0000000794b80000,0x0000000798d80000,0x0000000798d80000)
  from space 5120K, 99% used [0x0000000799280000,0x000000079977e538,0x0000000799780000)
  to   space 5120K, 0% used [0x0000000798d80000,0x0000000798d80000,0x0000000799280000)
 ParOldGen       total 89088K, used 2485K [0x000000073e200000, 0x0000000743900000, 0x0000000794b80000)
  object space 89088K, 2% used [0x000000073e200000,0x000000073e46d568,0x0000000743900000)
 Metaspace       used 14023K, capacity 14446K, committed 14720K, reserved 1062912K
  class space    used 1701K, capacity 1803K, committed 1920K, reserved 1048576K
Event: 1.453 GC heap after
Heap after GC invocations=3 (full 0):
 PSYoungGen      total 72704K, used 5104K [0x0000000794b80000, 0x000000079d980000, 0x00000007c0000000)
  eden space 67584K, 0% used [0x0000000794b80000,0x0000000794b80000,0x0000000798d80000)
  from space 5120K, 99% used [0x0000000798d80000,0x000000079927c010,0x0000000799280000)
  to   space 5120K, 0% used [0x000000079d480000,0x000000079d480000,0x000000079d980000)
 ParOldGen       total 89088K, used 5275K [0x000000073e200000, 0x0000000743900000, 0x0000000794b80000)
  object space 89088K, 5% used [0x000000073e200000,0x000000073e726f98,0x0000000743900000)
 Metaspace       used 14023K, capacity 14446K, committed 14720K, reserved 1062912K
  class space    used 1701K, capacity 1803K, committed 1920K, reserved 1048576K
}
Event: 1.745 GC heap before
{Heap before GC invocations=4 (full 0):
 PSYoungGen      total 72704K, used 72688K [0x0000000794b80000, 0x000000079d980000, 0x00000007c0000000)
  eden space 67584K, 100% used [0x0000000794b80000,0x0000000798d80000,0x0000000798d80000)
  from space 5120K, 99% used [0x0000000798d80000,0x000000079927c010,0x0000000799280000)
  to   space 5120K, 0% used [0x000000079d480000,0x000000079d480000,0x000000079d980000)
 ParOldGen       total 89088K, used 5275K [0x000000073e200000, 0x0000000743900000, 0x0000000794b80000)
  object space 89088K, 5% used [0x000000073e200000,0x000000073e726f98,0x0000000743900000)
 Metaspace       used 15002K, capacity 15498K, committed 15744K, reserved 1062912K
  class space    used 1784K, capacity 1917K, committed 1920K, reserved 1048576K
Event: 1.766 GC heap after
Heap after GC invocations=4 (full 0):
 PSYoungGen      total 140288K, used 5104K [0x0000000794b80000, 0x000000079d980000, 0x00000007c0000000)
  eden space 135168K, 0% used [0x0000000794b80000,0x0000000794b80000,0x000000079cf80000)
  from space 5120K, 99% used [0x000000079d480000,0x000000079d97c010,0x000000079d980000)
  to   space 5120K, 0% used [0x000000079cf80000,0x000000079cf80000,0x000000079d480000)
 ParOldGen       total 89088K, used 8757K [0x000000073e200000, 0x0000000743900000, 0x0000000794b80000)
  object space 89088K, 9% used [0x000000073e200000,0x000000073ea8d5d8,0x0000000743900000)
 Metaspace       used 15002K, capacity 15498K, committed 15744K, reserved 1062912K
  class space    used 1784K, capacity 1917K, committed 1920K, reserved 1048576K
}
Event: 2.340 GC heap before
{Heap before GC invocations=5 (full 0):
 PSYoungGen      total 140288K, used 85173K [0x0000000794b80000, 0x000000079d980000, 0x00000007c0000000)
  eden space 135168K, 59% used [0x0000000794b80000,0x00000007999b1710,0x000000079cf80000)
  from space 5120K, 99% used [0x000000079d480000,0x000000079d97c010,0x000000079d980000)
  to   space 5120K, 0% used [0x000000079cf80000,0x000000079cf80000,0x000000079d480000)
 ParOldGen       total 89088K, used 8757K [0x000000073e200000, 0x0000000743900000, 0x0000000794b80000)
  object space 89088K, 9% used [0x000000073e200000,0x000000073ea8d5d8,0x0000000743900000)
 Metaspace       used 20605K, capacity 21190K, committed 21296K, reserved 1069056K
  class space    used 2462K, capacity 2640K, committed 2688K, reserved 1048576K

